android/app/build/intermediates/manifest_merge_blame_file/release/manifest-merger-blame-release-report.txt
1<?xml version="1.0" encoding="utf-8"?>
2<manifest xmlns:android="http://schemas.android.com/apk/res/android"
3    package="com.eyepressure_saathi"
4    android:versionCode="4"
5    android:versionName="1.6" >
6
7    <uses-sdk
8        android:minSdkVersion="21"
8-->src\main\AndroidManifest.xml
9        android:targetSdkVersion="33" />
9-->src\main\AndroidManifest.xml
10
11    <uses-permission android:name="android.permission.INTERNET" />
11-->src\main\AndroidManifest.xml:3:5-67
11-->src\main\AndroidManifest.xml:3:22-64
12    <uses-permission android:name="android.permission.WAKE_LOCK" />
12-->[:react-native-firebase_messaging] AndroidManifest.xml:10:5-68
12-->[:react-native-firebase_messaging] AndroidManifest.xml:10:22-65
13    <uses-permission android:name="android.permission.ACCESS_NETWORK_STATE" />
13-->[:react-native-firebase_messaging] AndroidManifest.xml:11:5-79
13-->[:react-native-firebase_messaging] AndroidManifest.xml:11:22-76
14    <uses-permission android:name="android.permission.FOREGROUND_SERVICE" />
14-->[:react-native-background-actions] AndroidManifest.xml:9:5-77
14-->[:react-native-background-actions] AndroidManifest.xml:9:22-74
15    <uses-permission android:name="android.permission.WRITE_EXTERNAL_STORAGE" />
15-->[:react-native-fs] AndroidManifest.xml:9:5-81
15-->[:react-native-fs] AndroidManifest.xml:9:22-78
16    <uses-permission android:name="android.permission.POST_NOTIFICATIONS" /> <!-- Required by older versions of Google Play services to create IID tokens -->
16-->[com.google.firebase:firebase-messaging:23.4.0] AndroidManifest.xml:23:5-77
16-->[com.google.firebase:firebase-messaging:23.4.0] AndroidManifest.xml:23:22-74
17    <uses-permission android:name="com.google.android.c2dm.permission.RECEIVE" />
17-->[com.google.firebase:firebase-messaging:23.4.0] AndroidManifest.xml:26:5-82
17-->[com.google.firebase:firebase-messaging:23.4.0] AndroidManifest.xml:26:22-79
18    <uses-permission android:name="android.permission.RECEIVE_BOOT_COMPLETED" />
18-->[androidx.work:work-runtime:2.8.0] AndroidManifest.xml:25:5-81
18-->[androidx.work:work-runtime:2.8.0] AndroidManifest.xml:25:22-78
19    <uses-permission android:name="android.permission.VIBRATE" />
19-->[app.notifee:core:202108261754] AndroidManifest.xml:13:5-66
19-->[app.notifee:core:202108261754] AndroidManifest.xml:13:22-63
20    <uses-permission android:name="android.permission.USE_FULL_SCREEN_INTENT" />
20-->[app.notifee:core:202108261754] AndroidManifest.xml:16:5-81
20-->[app.notifee:core:202108261754] AndroidManifest.xml:16:22-78
21    <uses-permission android:name="android.permission.SCHEDULE_EXACT_ALARM" />
21-->[app.notifee:core:202108261754] AndroidManifest.xml:17:5-79
21-->[app.notifee:core:202108261754] AndroidManifest.xml:17:22-76
22    <uses-permission
22-->[app.notifee:core:202108261754] AndroidManifest.xml:18:5-20:38
23        android:name="android.permission.BROADCAST_CLOSE_SYSTEM_DIALOGS"
23-->[app.notifee:core:202108261754] AndroidManifest.xml:19:9-73
24        android:maxSdkVersion="30" /> <!-- For Xiaomi devices to enable heads-up notifications as default (https://github.com/invertase/notifee/issues/296) -->
24-->[app.notifee:core:202108261754] AndroidManifest.xml:20:9-35
25    <uses-permission
25-->[app.notifee:core:202108261754] AndroidManifest.xml:22:5-24:38
26        android:name="android.permission.ACCESS_NOTIFICATION_POLICY"
26-->[app.notifee:core:202108261754] AndroidManifest.xml:23:9-69
27        android:minSdkVersion="23" /> <!-- for android -->
27-->[app.notifee:core:202108261754] AndroidManifest.xml:24:9-35
28    <!-- <uses-permission android:name="com.android.launcher.permission.READ_SETTINGS"/> -->
29    <!-- <uses-permission android:name="com.android.launcher.permission.WRITE_SETTINGS"/> -->
30    <!-- <uses-permission android:name="com.android.launcher.permission.INSTALL_SHORTCUT" /> -->
31    <!-- <uses-permission android:name="com.android.launcher.permission.UNINSTALL_SHORTCUT" /> -->
32    <!-- for Samsung -->
33    <uses-permission android:name="com.sec.android.provider.badge.permission.READ" />
33-->[me.leolin:ShortcutBadger:1.1.22] AndroidManifest.xml:19:5-86
33-->[me.leolin:ShortcutBadger:1.1.22] AndroidManifest.xml:19:22-83
34    <uses-permission android:name="com.sec.android.provider.badge.permission.WRITE" /> <!-- for htc -->
34-->[me.leolin:ShortcutBadger:1.1.22] AndroidManifest.xml:20:5-87
34-->[me.leolin:ShortcutBadger:1.1.22] AndroidManifest.xml:20:22-84
35    <uses-permission android:name="com.htc.launcher.permission.READ_SETTINGS" />
35-->[me.leolin:ShortcutBadger:1.1.22] AndroidManifest.xml:23:5-81
35-->[me.leolin:ShortcutBadger:1.1.22] AndroidManifest.xml:23:22-78
36    <uses-permission android:name="com.htc.launcher.permission.UPDATE_SHORTCUT" /> <!-- for sony -->
36-->[me.leolin:ShortcutBadger:1.1.22] AndroidManifest.xml:24:5-83
36-->[me.leolin:ShortcutBadger:1.1.22] AndroidManifest.xml:24:22-80
37    <uses-permission android:name="com.sonyericsson.home.permission.BROADCAST_BADGE" />
37-->[me.leolin:ShortcutBadger:1.1.22] AndroidManifest.xml:27:5-88
37-->[me.leolin:ShortcutBadger:1.1.22] AndroidManifest.xml:27:22-85
38    <uses-permission android:name="com.sonymobile.home.permission.PROVIDER_INSERT_BADGE" /> <!-- for apex -->
38-->[me.leolin:ShortcutBadger:1.1.22] AndroidManifest.xml:28:5-92
38-->[me.leolin:ShortcutBadger:1.1.22] AndroidManifest.xml:28:22-89
39    <uses-permission android:name="com.anddoes.launcher.permission.UPDATE_COUNT" /> <!-- for solid -->
39-->[me.leolin:ShortcutBadger:1.1.22] AndroidManifest.xml:31:5-84
39-->[me.leolin:ShortcutBadger:1.1.22] AndroidManifest.xml:31:22-81
40    <uses-permission android:name="com.majeur.launcher.permission.UPDATE_BADGE" /> <!-- for huawei -->
40-->[me.leolin:ShortcutBadger:1.1.22] AndroidManifest.xml:34:5-83
40-->[me.leolin:ShortcutBadger:1.1.22] AndroidManifest.xml:34:22-80
41    <uses-permission android:name="com.huawei.android.launcher.permission.CHANGE_BADGE" />
41-->[me.leolin:ShortcutBadger:1.1.22] AndroidManifest.xml:37:5-91
41-->[me.leolin:ShortcutBadger:1.1.22] AndroidManifest.xml:37:22-88
42    <uses-permission android:name="com.huawei.android.launcher.permission.READ_SETTINGS" />
42-->[me.leolin:ShortcutBadger:1.1.22] AndroidManifest.xml:38:5-92
42-->[me.leolin:ShortcutBadger:1.1.22] AndroidManifest.xml:38:22-89
43    <uses-permission android:name="com.huawei.android.launcher.permission.WRITE_SETTINGS" /> <!-- for ZUK -->
43-->[me.leolin:ShortcutBadger:1.1.22] AndroidManifest.xml:39:5-93
43-->[me.leolin:ShortcutBadger:1.1.22] AndroidManifest.xml:39:22-90
44    <uses-permission android:name="android.permission.READ_APP_BADGE" /> <!-- for OPPO -->
44-->[me.leolin:ShortcutBadger:1.1.22] AndroidManifest.xml:42:5-73
44-->[me.leolin:ShortcutBadger:1.1.22] AndroidManifest.xml:42:22-70
45    <uses-permission android:name="com.oppo.launcher.permission.READ_SETTINGS" />
45-->[me.leolin:ShortcutBadger:1.1.22] AndroidManifest.xml:45:5-82
45-->[me.leolin:ShortcutBadger:1.1.22] AndroidManifest.xml:45:22-79
46    <uses-permission android:name="com.oppo.launcher.permission.WRITE_SETTINGS" /> <!-- for EvMe -->
46-->[me.leolin:ShortcutBadger:1.1.22] AndroidManifest.xml:46:5-83
46-->[me.leolin:ShortcutBadger:1.1.22] AndroidManifest.xml:46:22-80
47    <uses-permission android:name="me.everything.badger.permission.BADGE_COUNT_READ" />
47-->[me.leolin:ShortcutBadger:1.1.22] AndroidManifest.xml:49:5-88
47-->[me.leolin:ShortcutBadger:1.1.22] AndroidManifest.xml:49:22-85
48    <uses-permission android:name="me.everything.badger.permission.BADGE_COUNT_WRITE" />
48-->[me.leolin:ShortcutBadger:1.1.22] AndroidManifest.xml:50:5-89
48-->[me.leolin:ShortcutBadger:1.1.22] AndroidManifest.xml:50:22-86
49
50    <application
50-->src\main\AndroidManifest.xml:5:5-24:19
51        android:name="com.eyepressure_saathi.MainApplication"
51-->src\main\AndroidManifest.xml:6:7-38
52        android:allowBackup="false"
52-->src\main\AndroidManifest.xml:10:7-34
53        android:appComponentFactory="androidx.core.app.CoreComponentFactory"
53-->[androidx.core:core:1.8.0] AndroidManifest.xml:24:18-86
54        android:icon="@mipmap/ic_launcher"
54-->src\main\AndroidManifest.xml:8:7-41
55        android:label="@string/app_name"
55-->src\main\AndroidManifest.xml:7:7-39
56        android:roundIcon="@mipmap/ic_launcher_round"
56-->src\main\AndroidManifest.xml:9:7-52
57        android:theme="@style/AppTheme" >
57-->src\main\AndroidManifest.xml:11:7-38
58        <activity
58-->src\main\AndroidManifest.xml:12:7-23:18
59            android:name="com.eyepressure_saathi.MainActivity"
59-->src\main\AndroidManifest.xml:13:9-37
60            android:configChanges="keyboard|keyboardHidden|orientation|screenLayout|screenSize|smallestScreenSize|uiMode"
60-->src\main\AndroidManifest.xml:15:9-118
61            android:exported="true"
61-->src\main\AndroidManifest.xml:18:9-32
62            android:label="@string/app_name"
62-->src\main\AndroidManifest.xml:14:9-41
63            android:launchMode="singleTask"
63-->src\main\AndroidManifest.xml:16:9-40
64            android:windowSoftInputMode="adjustResize" >
64-->src\main\AndroidManifest.xml:17:9-51
65            <intent-filter>
65-->src\main\AndroidManifest.xml:19:9-22:25
66                <action android:name="android.intent.action.MAIN" />
66-->src\main\AndroidManifest.xml:20:13-65
66-->src\main\AndroidManifest.xml:20:21-62
67
68                <category android:name="android.intent.category.LAUNCHER" />
68-->src\main\AndroidManifest.xml:21:13-73
68-->src\main\AndroidManifest.xml:21:23-70
69            </intent-filter>
70        </activity>
71
72        <provider
72-->[:notifee_react-native] AndroidManifest.xml:10:9-14:40
73            android:name="io.invertase.notifee.NotifeeInitProvider"
73-->[:notifee_react-native] AndroidManifest.xml:11:13-68
74            android:authorities="com.eyepressure_saathi.notifee-init-provider"
74-->[:notifee_react-native] AndroidManifest.xml:12:13-73
75            android:exported="false"
75-->[:notifee_react-native] AndroidManifest.xml:13:13-37
76            android:initOrder="-100" />
76-->[:notifee_react-native] AndroidManifest.xml:14:13-37
77
78        <service
78-->[:react-native-firebase_messaging] AndroidManifest.xml:14:9-16:40
79            android:name="io.invertase.firebase.messaging.ReactNativeFirebaseMessagingHeadlessService"
79-->[:react-native-firebase_messaging] AndroidManifest.xml:15:13-103
80            android:exported="false" />
80-->[:react-native-firebase_messaging] AndroidManifest.xml:16:13-37
81        <service
81-->[:react-native-firebase_messaging] AndroidManifest.xml:17:9-23:19
82            android:name="io.invertase.firebase.messaging.ReactNativeFirebaseMessagingService"
82-->[:react-native-firebase_messaging] AndroidManifest.xml:18:13-95
83            android:exported="false" >
83-->[:react-native-firebase_messaging] AndroidManifest.xml:19:13-37
84            <intent-filter>
84-->[:react-native-firebase_messaging] AndroidManifest.xml:20:13-22:29
85                <action android:name="com.google.firebase.MESSAGING_EVENT" />
85-->[:react-native-firebase_messaging] AndroidManifest.xml:21:17-78
85-->[:react-native-firebase_messaging] AndroidManifest.xml:21:25-75
86            </intent-filter>
87        </service>
88
89        <receiver
89-->[:react-native-firebase_messaging] AndroidManifest.xml:25:9-32:20
90            android:name="io.invertase.firebase.messaging.ReactNativeFirebaseMessagingReceiver"
90-->[:react-native-firebase_messaging] AndroidManifest.xml:26:13-96
91            android:exported="true"
91-->[:react-native-firebase_messaging] AndroidManifest.xml:27:13-36
92            android:permission="com.google.android.c2dm.permission.SEND" >
92-->[:react-native-firebase_messaging] AndroidManifest.xml:28:13-73
93            <intent-filter>
93-->[:react-native-firebase_messaging] AndroidManifest.xml:29:13-31:29
94                <action android:name="com.google.android.c2dm.intent.RECEIVE" />
94-->[:react-native-firebase_messaging] AndroidManifest.xml:30:17-81
94-->[:react-native-firebase_messaging] AndroidManifest.xml:30:25-78
95            </intent-filter>
96        </receiver>
97
98        <meta-data
98-->[:react-native-firebase_messaging] AndroidManifest.xml:34:9-36:36
99            android:name="firebase_messaging_auto_init_enabled"
99-->[:react-native-firebase_messaging] AndroidManifest.xml:35:13-64
100            android:value="true" />
100-->[:react-native-firebase_messaging] AndroidManifest.xml:36:13-33
101        <meta-data
101-->[:react-native-firebase_messaging] AndroidManifest.xml:37:9-39:32
102            android:name="com.google.firebase.messaging.default_notification_channel_id"
102-->[:react-native-firebase_messaging] AndroidManifest.xml:38:13-89
103            android:value="" />
103-->[:react-native-firebase_messaging] AndroidManifest.xml:39:13-29
104        <meta-data
104-->[:react-native-firebase_messaging] AndroidManifest.xml:40:9-42:47
105            android:name="com.google.firebase.messaging.default_notification_color"
105-->[:react-native-firebase_messaging] AndroidManifest.xml:41:13-84
106            android:resource="@color/white" />
106-->[:react-native-firebase_messaging] AndroidManifest.xml:42:13-44
107        <meta-data
107-->[:react-native-firebase_app] AndroidManifest.xml:11:9-13:36
108            android:name="app_data_collection_default_enabled"
108-->[:react-native-firebase_app] AndroidManifest.xml:12:13-63
109            android:value="true" />
109-->[:react-native-firebase_app] AndroidManifest.xml:13:13-33
110
111        <service
111-->[:react-native-firebase_app] AndroidManifest.xml:15:9-23:19
112            android:name="com.google.firebase.components.ComponentDiscoveryService"
112-->[:react-native-firebase_app] AndroidManifest.xml:16:13-84
113            android:directBootAware="true"
113-->[:react-native-firebase_app] AndroidManifest.xml:17:13-43
114            android:exported="false" >
114-->[:react-native-firebase_app] AndroidManifest.xml:18:13-37
115            <meta-data
115-->[:react-native-firebase_app] AndroidManifest.xml:20:13-22:85
116                android:name="com.google.firebase.components:io.invertase.firebase.app.ReactNativeFirebaseAppRegistrar"
116-->[:react-native-firebase_app] AndroidManifest.xml:21:17-120
117                android:value="com.google.firebase.components.ComponentRegistrar" />
117-->[:react-native-firebase_app] AndroidManifest.xml:22:17-82
118            <meta-data
118-->[com.google.firebase:firebase-messaging:23.4.0] AndroidManifest.xml:57:13-59:85
119                android:name="com.google.firebase.components:com.google.firebase.messaging.FirebaseMessagingKtxRegistrar"
119-->[com.google.firebase:firebase-messaging:23.4.0] AndroidManifest.xml:58:17-122
120                android:value="com.google.firebase.components.ComponentRegistrar" />
120-->[com.google.firebase:firebase-messaging:23.4.0] AndroidManifest.xml:59:17-82
121            <meta-data
121-->[com.google.firebase:firebase-messaging:23.4.0] AndroidManifest.xml:60:13-62:85
122                android:name="com.google.firebase.components:com.google.firebase.messaging.FirebaseMessagingRegistrar"
122-->[com.google.firebase:firebase-messaging:23.4.0] AndroidManifest.xml:61:17-119
123                android:value="com.google.firebase.components.ComponentRegistrar" />
123-->[com.google.firebase:firebase-messaging:23.4.0] AndroidManifest.xml:62:17-82
124            <meta-data
124-->[com.google.firebase:firebase-installations:17.2.0] AndroidManifest.xml:15:13-17:85
125                android:name="com.google.firebase.components:com.google.firebase.installations.FirebaseInstallationsKtxRegistrar"
125-->[com.google.firebase:firebase-installations:17.2.0] AndroidManifest.xml:16:17-130
126                android:value="com.google.firebase.components.ComponentRegistrar" />
126-->[com.google.firebase:firebase-installations:17.2.0] AndroidManifest.xml:17:17-82
127            <meta-data
127-->[com.google.firebase:firebase-installations:17.2.0] AndroidManifest.xml:18:13-20:85
128                android:name="com.google.firebase.components:com.google.firebase.installations.FirebaseInstallationsRegistrar"
128-->[com.google.firebase:firebase-installations:17.2.0] AndroidManifest.xml:19:17-127
129                android:value="com.google.firebase.components.ComponentRegistrar" />
129-->[com.google.firebase:firebase-installations:17.2.0] AndroidManifest.xml:20:17-82
130            <meta-data
130-->[com.google.firebase:firebase-common-ktx:20.4.2] AndroidManifest.xml:12:13-14:85
131                android:name="com.google.firebase.components:com.google.firebase.ktx.FirebaseCommonLegacyRegistrar"
131-->[com.google.firebase:firebase-common-ktx:20.4.2] AndroidManifest.xml:13:17-116
132                android:value="com.google.firebase.components.ComponentRegistrar" />
132-->[com.google.firebase:firebase-common-ktx:20.4.2] AndroidManifest.xml:14:17-82
133            <meta-data
133-->[com.google.firebase:firebase-common:20.4.2] AndroidManifest.xml:35:13-37:85
134                android:name="com.google.firebase.components:com.google.firebase.FirebaseCommonKtxRegistrar"
134-->[com.google.firebase:firebase-common:20.4.2] AndroidManifest.xml:36:17-109
135                android:value="com.google.firebase.components.ComponentRegistrar" />
135-->[com.google.firebase:firebase-common:20.4.2] AndroidManifest.xml:37:17-82
136            <meta-data
136-->[com.google.firebase:firebase-datatransport:18.1.7] AndroidManifest.xml:27:13-29:85
137                android:name="com.google.firebase.components:com.google.firebase.datatransport.TransportRegistrar"
137-->[com.google.firebase:firebase-datatransport:18.1.7] AndroidManifest.xml:28:17-115
138                android:value="com.google.firebase.components.ComponentRegistrar" />
138-->[com.google.firebase:firebase-datatransport:18.1.7] AndroidManifest.xml:29:17-82
139        </service>
140
141        <provider
141-->[:react-native-firebase_app] AndroidManifest.xml:25:9-29:38
142            android:name="io.invertase.firebase.app.ReactNativeFirebaseAppInitProvider"
142-->[:react-native-firebase_app] AndroidManifest.xml:26:13-88
143            android:authorities="com.eyepressure_saathi.reactnativefirebaseappinitprovider"
143-->[:react-native-firebase_app] AndroidManifest.xml:27:13-86
144            android:exported="false"
144-->[:react-native-firebase_app] AndroidManifest.xml:28:13-37
145            android:initOrder="99" />
145-->[:react-native-firebase_app] AndroidManifest.xml:29:13-35
146
147        <service android:name="com.asterinet.react.bgactions.RNBackgroundActionsTask" />
147-->[:react-native-background-actions] AndroidManifest.xml:12:9-89
147-->[:react-native-background-actions] AndroidManifest.xml:12:18-86
148
149        <provider
149-->[:react-native-image-picker] AndroidManifest.xml:10:9-18:20
150            android:name="com.imagepicker.ImagePickerProvider"
150-->[:react-native-image-picker] AndroidManifest.xml:11:13-63
151            android:authorities="com.eyepressure_saathi.imagepickerprovider"
151-->[:react-native-image-picker] AndroidManifest.xml:12:13-71
152            android:exported="false"
152-->[:react-native-image-picker] AndroidManifest.xml:13:13-37
153            android:grantUriPermissions="true" >
153-->[:react-native-image-picker] AndroidManifest.xml:14:13-47
154            <meta-data
154-->[:react-native-image-picker] AndroidManifest.xml:15:13-17:70
155                android:name="android.support.FILE_PROVIDER_PATHS"
155-->[:react-native-image-picker] AndroidManifest.xml:16:17-67
156                android:resource="@xml/imagepicker_provider_paths" />
156-->[:react-native-image-picker] AndroidManifest.xml:17:17-67
157        </provider>
158
159        <activity
159-->[com.google.android.gms:play-services-auth:20.7.0] AndroidManifest.xml:23:9-27:75
160            android:name="com.google.android.gms.auth.api.signin.internal.SignInHubActivity"
160-->[com.google.android.gms:play-services-auth:20.7.0] AndroidManifest.xml:24:13-93
161            android:excludeFromRecents="true"
161-->[com.google.android.gms:play-services-auth:20.7.0] AndroidManifest.xml:25:13-46
162            android:exported="false"
162-->[com.google.android.gms:play-services-auth:20.7.0] AndroidManifest.xml:26:13-37
163            android:theme="@android:style/Theme.Translucent.NoTitleBar" />
163-->[com.google.android.gms:play-services-auth:20.7.0] AndroidManifest.xml:27:13-72
164        <!--
165            Service handling Google Sign-In user revocation. For apps that do not integrate with
166            Google Sign-In, this service will never be started.
167        -->
168        <service
168-->[com.google.android.gms:play-services-auth:20.7.0] AndroidManifest.xml:33:9-37:51
169            android:name="com.google.android.gms.auth.api.signin.RevocationBoundService"
169-->[com.google.android.gms:play-services-auth:20.7.0] AndroidManifest.xml:34:13-89
170            android:exported="true"
170-->[com.google.android.gms:play-services-auth:20.7.0] AndroidManifest.xml:35:13-36
171            android:permission="com.google.android.gms.auth.api.signin.permission.REVOCATION_NOTIFICATION"
171-->[com.google.android.gms:play-services-auth:20.7.0] AndroidManifest.xml:36:13-107
172            android:visibleToInstantApps="true" />
172-->[com.google.android.gms:play-services-auth:20.7.0] AndroidManifest.xml:37:13-48
173
174        <receiver
174-->[com.google.firebase:firebase-messaging:23.4.0] AndroidManifest.xml:29:9-40:20
175            android:name="com.google.firebase.iid.FirebaseInstanceIdReceiver"
175-->[com.google.firebase:firebase-messaging:23.4.0] AndroidManifest.xml:30:13-78
176            android:exported="true"
176-->[com.google.firebase:firebase-messaging:23.4.0] AndroidManifest.xml:31:13-36
177            android:permission="com.google.android.c2dm.permission.SEND" >
177-->[com.google.firebase:firebase-messaging:23.4.0] AndroidManifest.xml:32:13-73
178            <intent-filter>
178-->[:react-native-firebase_messaging] AndroidManifest.xml:29:13-31:29
179                <action android:name="com.google.android.c2dm.intent.RECEIVE" />
179-->[:react-native-firebase_messaging] AndroidManifest.xml:30:17-81
179-->[:react-native-firebase_messaging] AndroidManifest.xml:30:25-78
180            </intent-filter>
181
182            <meta-data
182-->[com.google.firebase:firebase-messaging:23.4.0] AndroidManifest.xml:37:13-39:40
183                android:name="com.google.android.gms.cloudmessaging.FINISHED_AFTER_HANDLED"
183-->[com.google.firebase:firebase-messaging:23.4.0] AndroidManifest.xml:38:17-92
184                android:value="true" />
184-->[com.google.firebase:firebase-messaging:23.4.0] AndroidManifest.xml:39:17-37
185        </receiver>
186        <!--
187             FirebaseMessagingService performs security checks at runtime,
188             but set to not exported to explicitly avoid allowing another app to call it.
189        -->
190        <service
190-->[com.google.firebase:firebase-messaging:23.4.0] AndroidManifest.xml:46:9-53:19
191            android:name="com.google.firebase.messaging.FirebaseMessagingService"
191-->[com.google.firebase:firebase-messaging:23.4.0] AndroidManifest.xml:47:13-82
192            android:directBootAware="true"
192-->[com.google.firebase:firebase-messaging:23.4.0] AndroidManifest.xml:48:13-43
193            android:exported="false" >
193-->[com.google.firebase:firebase-messaging:23.4.0] AndroidManifest.xml:49:13-37
194            <intent-filter android:priority="-500" >
194-->[:react-native-firebase_messaging] AndroidManifest.xml:20:13-22:29
195                <action android:name="com.google.firebase.MESSAGING_EVENT" />
195-->[:react-native-firebase_messaging] AndroidManifest.xml:21:17-78
195-->[:react-native-firebase_messaging] AndroidManifest.xml:21:25-75
196            </intent-filter>
197        </service>
198
199        <provider
199-->[com.google.firebase:firebase-common:20.4.2] AndroidManifest.xml:23:9-28:39
200            android:name="com.google.firebase.provider.FirebaseInitProvider"
200-->[com.google.firebase:firebase-common:20.4.2] AndroidManifest.xml:24:13-77
201            android:authorities="com.eyepressure_saathi.firebaseinitprovider"
201-->[com.google.firebase:firebase-common:20.4.2] AndroidManifest.xml:25:13-72
202            android:directBootAware="true"
202-->[com.google.firebase:firebase-common:20.4.2] AndroidManifest.xml:26:13-43
203            android:exported="false"
203-->[com.google.firebase:firebase-common:20.4.2] AndroidManifest.xml:27:13-37
204            android:initOrder="100" />
204-->[com.google.firebase:firebase-common:20.4.2] AndroidManifest.xml:28:13-36
205
206        <activity
206-->[com.google.android.gms:play-services-base:18.0.1] AndroidManifest.xml:20:9-22:45
207            android:name="com.google.android.gms.common.api.GoogleApiActivity"
207-->[com.google.android.gms:play-services-base:18.0.1] AndroidManifest.xml:20:19-85
208            android:exported="false"
208-->[com.google.android.gms:play-services-base:18.0.1] AndroidManifest.xml:22:19-43
209            android:theme="@android:style/Theme.Translucent.NoTitleBar" />
209-->[com.google.android.gms:play-services-base:18.0.1] AndroidManifest.xml:21:19-78
210
211        <meta-data
211-->[com.google.android.gms:play-services-basement:18.2.0] AndroidManifest.xml:21:9-23:69
212            android:name="com.google.android.gms.version"
212-->[com.google.android.gms:play-services-basement:18.2.0] AndroidManifest.xml:22:13-58
213            android:value="@integer/google_play_services_version" />
213-->[com.google.android.gms:play-services-basement:18.2.0] AndroidManifest.xml:23:13-66
214
215        <provider
215-->[androidx.work:work-runtime:2.8.0] AndroidManifest.xml:29:9-37:20
216            android:name="androidx.startup.InitializationProvider"
216-->[androidx.work:work-runtime:2.8.0] AndroidManifest.xml:30:13-67
217            android:authorities="com.eyepressure_saathi.androidx-startup"
217-->[androidx.work:work-runtime:2.8.0] AndroidManifest.xml:31:13-68
218            android:exported="false" >
218-->[androidx.work:work-runtime:2.8.0] AndroidManifest.xml:32:13-37
219            <meta-data
219-->[androidx.work:work-runtime:2.8.0] AndroidManifest.xml:34:13-36:52
220                android:name="androidx.work.WorkManagerInitializer"
220-->[androidx.work:work-runtime:2.8.0] AndroidManifest.xml:35:17-68
221                android:value="androidx.startup" />
221-->[androidx.work:work-runtime:2.8.0] AndroidManifest.xml:36:17-49
222            <meta-data
222-->[androidx.emoji2:emoji2:1.2.0] AndroidManifest.xml:29:13-31:52
223                android:name="androidx.emoji2.text.EmojiCompatInitializer"
223-->[androidx.emoji2:emoji2:1.2.0] AndroidManifest.xml:30:17-75
224                android:value="androidx.startup" />
224-->[androidx.emoji2:emoji2:1.2.0] AndroidManifest.xml:31:17-49
225            <meta-data
225-->[androidx.lifecycle:lifecycle-process:2.4.1] AndroidManifest.xml:31:13-33:52
226                android:name="androidx.lifecycle.ProcessLifecycleInitializer"
226-->[androidx.lifecycle:lifecycle-process:2.4.1] AndroidManifest.xml:32:17-78
227                android:value="androidx.startup" />
227-->[androidx.lifecycle:lifecycle-process:2.4.1] AndroidManifest.xml:33:17-49
228        </provider>
229
230        <service
230-->[androidx.work:work-runtime:2.8.0] AndroidManifest.xml:39:9-45:35
231            android:name="androidx.work.impl.background.systemalarm.SystemAlarmService"
231-->[androidx.work:work-runtime:2.8.0] AndroidManifest.xml:40:13-88
232            android:directBootAware="false"
232-->[androidx.work:work-runtime:2.8.0] AndroidManifest.xml:41:13-44
233            android:enabled="@bool/enable_system_alarm_service_default"
233-->[androidx.work:work-runtime:2.8.0] AndroidManifest.xml:42:13-72
234            android:exported="false" />
234-->[androidx.work:work-runtime:2.8.0] AndroidManifest.xml:43:13-37
235        <service
235-->[androidx.work:work-runtime:2.8.0] AndroidManifest.xml:46:9-52:35
236            android:name="androidx.work.impl.background.systemjob.SystemJobService"
236-->[androidx.work:work-runtime:2.8.0] AndroidManifest.xml:47:13-84
237            android:directBootAware="false"
237-->[androidx.work:work-runtime:2.8.0] AndroidManifest.xml:48:13-44
238            android:enabled="@bool/enable_system_job_service_default"
238-->[androidx.work:work-runtime:2.8.0] AndroidManifest.xml:49:13-70
239            android:exported="true"
239-->[androidx.work:work-runtime:2.8.0] AndroidManifest.xml:50:13-36
240            android:permission="android.permission.BIND_JOB_SERVICE" />
240-->[androidx.work:work-runtime:2.8.0] AndroidManifest.xml:51:13-69
241        <service
241-->[androidx.work:work-runtime:2.8.0] AndroidManifest.xml:53:9-59:35
242            android:name="androidx.work.impl.foreground.SystemForegroundService"
242-->[androidx.work:work-runtime:2.8.0] AndroidManifest.xml:54:13-81
243            android:directBootAware="false"
243-->[androidx.work:work-runtime:2.8.0] AndroidManifest.xml:55:13-44
244            android:enabled="@bool/enable_system_foreground_service_default"
244-->[androidx.work:work-runtime:2.8.0] AndroidManifest.xml:56:13-77
245            android:exported="false" />
245-->[androidx.work:work-runtime:2.8.0] AndroidManifest.xml:57:13-37
246
247        <receiver
247-->[androidx.work:work-runtime:2.8.0] AndroidManifest.xml:61:9-66:35
248            android:name="androidx.work.impl.utils.ForceStopRunnable$BroadcastReceiver"
248-->[androidx.work:work-runtime:2.8.0] AndroidManifest.xml:62:13-88
249            android:directBootAware="false"
249-->[androidx.work:work-runtime:2.8.0] AndroidManifest.xml:63:13-44
250            android:enabled="true"
250-->[androidx.work:work-runtime:2.8.0] AndroidManifest.xml:64:13-35
251            android:exported="false" />
251-->[androidx.work:work-runtime:2.8.0] AndroidManifest.xml:65:13-37
252        <receiver